[debug] [2021-10-11T14:32:00.070Z] ----------------------------------------------------------------------
[debug] [2021-10-11T14:32:00.071Z] Command:       /home/user/.nvm/versions/node/v14.16.0/bin/node /home/user/.nvm/versions/node/v14.16.0/bin/firebase init
[debug] [2021-10-11T14:32:00.071Z] CLI Version:   9.20.0
[debug] [2021-10-11T14:32:00.072Z] Platform:      linux
[debug] [2021-10-11T14:32:00.072Z] Node Version:  v14.16.0
[debug] [2021-10-11T14:32:00.072Z] Time:          Mon Oct 11 2021 16:32:00 GMT+0200 (Ora legale dell’Europa centrale)
[debug] [2021-10-11T14:32:00.073Z] ----------------------------------------------------------------------
[debug] 
[debug] [2021-10-11T14:32:00.078Z] > command requires scopes: ["email","openid","https://www.googleapis.com/auth/cloudplatformprojects.readonly","https://www.googleapis.com/auth/firebase","https://www.googleapis.com/auth/cloud-platform"]
[debug] [2021-10-11T14:32:00.078Z] > authorizing via signed-in user (zaky.abanoub@gmail.com)
[info] 
     ######## #### ########  ######## ########     ###     ######  ########
     ##        ##  ##     ## ##       ##     ##  ##   ##  ##       ##
     ######    ##  ########  ######   ########  #########  ######  ######
     ##        ##  ##    ##  ##       ##     ## ##     ##       ## ##
     ##       #### ##     ## ######## ########  ##     ##  ######  ########

You're about to initialize a Firebase project in this directory:

  /home/user/Scaricati/react-router/09-time-to-practice-starting-code/09-time-to-practice-starting-code

[info] 
=== Project Setup
[info] 
[info] First, let's associate this project directory with a Firebase project.
[info] You can create multiple project aliases by running firebase use --add, 
[info] but for now we'll just set up a default project.
[info] 
[debug] [2021-10-11T14:32:47.564Z] >>> [apiv2][query] GET https://firebase.googleapis.com/v1beta1/projects pageSize=100
[debug] [2021-10-11T14:32:48.080Z] <<< [apiv2][status] GET https://firebase.googleapis.com/v1beta1/projects 200
[debug] [2021-10-11T14:32:48.080Z] <<< [apiv2][body] GET https://firebase.googleapis.com/v1beta1/projects [omitted]
[info] i  Using project react-router-quotes-fbb59 (react-router-quotes) 
[info] 
=== Hosting Setup
[info] 
[info] Your public directory is the folder (relative to your project directory) that
[info] will contain Hosting assets to be uploaded with firebase deploy. If you
[info] have a build process for your assets, use your build's output directory.
[info] 
[debug] [2021-10-11T14:37:31.741Z] >>> [apiv2][query] GET https://www.gstatic.com/firebasejs/releases.json [none]
[debug] [2021-10-11T14:37:31.864Z] <<< [apiv2][status] GET https://www.gstatic.com/firebasejs/releases.json 200
[debug] [2021-10-11T14:37:31.864Z] <<< [apiv2][body] GET https://www.gstatic.com/firebasejs/releases.json {"current":{"version":"9.1.2","browserURL":"https://www.gstatic.com/firebasejs/9.1.2/firebase.js","packageURL":"https://www.gstatic.com/firebasejs/9.1.2/firebase.tgz"},"live":{"version":"9.1","browserURL":"https://www.gstatic.com/firebasejs/live/9.1/firebase.js","packageURL":"https://www.gstatic.com/firebasejs/live/9.1/firebase.tgz"},"components":{"analytics":"https://www.gstatic.com/firebasejs/9.1.2/firebase-analytics.js","app":"https://www.gstatic.com/firebasejs/9.1.2/firebase-app.js","app-check":"https://www.gstatic.com/firebasejs/9.1.2/firebase-app-check.js","auth":"https://www.gstatic.com/firebasejs/9.1.2/firebase-auth.js","auth/cordova":"https://www.gstatic.com/firebasejs/9.1.2/firebase-auth/cordova.js","auth/react-native":"https://www.gstatic.com/firebasejs/9.1.2/firebase-auth/react-native.js","functions":"https://www.gstatic.com/firebasejs/9.1.2/firebase-functions.js","firestore":"https://www.gstatic.com/firebasejs/9.1.2/firebase-firestore.js","firestore/lite":"https://www.gstatic.com/firebasejs/9.1.2/firebase-firestore/lite.js","storage":"https://www.gstatic.com/firebasejs/9.1.2/firebase-storage.js","performance":"https://www.gstatic.com/firebasejs/9.1.2/firebase-performance.js","remote-config":"https://www.gstatic.com/firebasejs/9.1.2/firebase-remote-config.js","messaging":"https://www.gstatic.com/firebasejs/9.1.2/firebase-messaging.js","messaging/sw":"https://www.gstatic.com/firebasejs/9.1.2/firebase-messaging/sw.js","database":"https://www.gstatic.com/firebasejs/9.1.2/firebase-database.js","firestore.memory":"https://www.gstatic.com/firebasejs/9.1.2/firebase-firestore.memory.js"}}
[info] i  Skipping write of build/index.html 
[info] 
[info] i  Detected a .git folder at /home/user 
[info] i  Authorizing with GitHub to upload your service account to a GitHub repository's secrets store. 
[info] 
[info] Visit this URL on this device to log in:
[info] https://github.com/login/oauth/authorize?client_id=89cf50f02ac6aaed3484&state=533282140&redirect_uri=http%3A%2F%2Flocalhost%3A9005&scope=read%3Auser%20repo%20public_repo
[info] 
[info] Waiting for authentication...
[debug] [2021-10-11T14:37:46.730Z] >>> HTTP REQUEST POST https://github.com/login/oauth/access_token  
 {"client_id":"89cf50f02ac6aaed3484","client_secret":"3330d14abc895d9a74d5f17cd7a00711fa2c5bf0","code":"42df88af14101633a365","redirect_uri":"http://localhost:9005","state":"533282140"}
[debug] [2021-10-11T14:37:46.993Z] <<< HTTP RESPONSE 200 {"server":"GitHub.com","date":"Mon, 11 Oct 2021 14:37:46 GMT","content-type":"application/json; charset=utf-8","transfer-encoding":"chunked","vary":"X-PJAX, X-PJAX-Container, Accept-Encoding, Accept, X-Requested-With","permissions-policy":"interest-cohort=()","etag":"W/\"25b67ee7a994d6bd5da1ecc7ca6d614e\"","cache-control":"max-age=0, private, must-revalidate","strict-transport-security":"max-age=31536000; includeSubdomains; preload","x-frame-options":"deny","x-content-type-options":"nosniff","x-xss-protection":"0","referrer-policy":"origin-when-cross-origin, strict-origin-when-cross-origin","expect-ct":"max-age=2592000, report-uri=\"https://api.github.com/_private/browser/errors\"","content-security-policy":"default-src 'none'; base-uri 'self'; block-all-mixed-content; child-src github.com/assets-cdn/worker/ gist.github.com/assets-cdn/worker/; connect-src 'self' uploads.github.com objects-origin.githubusercontent.com www.githubstatus.com collector.githubapp.com api.github.com github-cloud.s3.amazonaws.com github-production-repository-file-5c1aeb.s3.amazonaws.com github-production-upload-manifest-file-7fdce7.s3.amazonaws.com github-production-user-asset-6210df.s3.amazonaws.com cdn.optimizely.com logx.optimizely.com/v1/events translator.github.com wss://alive.github.com; font-src github.githubassets.com; form-action 'self' github.com gist.github.com objects-origin.githubusercontent.com; frame-ancestors 'none'; frame-src render.githubusercontent.com viewscreen.githubusercontent.com viewscreen-lab.githubusercontent.com; img-src 'self' data: github.githubassets.com identicons.github.com collector.githubapp.com github-cloud.s3.amazonaws.com secured-user-images.githubusercontent.com/ *.githubusercontent.com; manifest-src 'self'; media-src github.com user-images.githubusercontent.com/; script-src github.githubassets.com; style-src 'unsafe-inline' github.githubassets.com; worker-src github.com/assets-cdn/worker/ gist.github.com/assets-cdn/worker/ github.com/socket-worker-0af8a29d.js gist.github.com/socket-worker-0af8a29d.js","x-github-request-id":"D6D4:545F:3E79F2:407862:61644C3A"}
[debug] [2021-10-11T14:37:47.000Z] >>> [apiv2][query] GET https://api.github.com/user [none]
[debug] [2021-10-11T14:37:47.268Z] <<< [apiv2][status] GET https://api.github.com/user 200
[debug] [2021-10-11T14:37:47.268Z] <<< [apiv2][body] GET https://api.github.com/user {"login":"ZakyAbanoub","id":13660417,"node_id":"MDQ6VXNlcjEzNjYwNDE3","avatar_url":"https://avatars.githubusercontent.com/u/13660417?v=4","gravatar_id":"","url":"https://api.github.com/users/ZakyAbanoub","html_url":"https://github.com/ZakyAbanoub","followers_url":"https://api.github.com/users/ZakyAbanoub/followers","following_url":"https://api.github.com/users/ZakyAbanoub/following{/other_user}","gists_url":"https://api.github.com/users/ZakyAbanoub/gists{/gist_id}","starred_url":"https://api.github.com/users/ZakyAbanoub/starred{/owner}{/repo}","subscriptions_url":"https://api.github.com/users/ZakyAbanoub/subscriptions","organizations_url":"https://api.github.com/users/ZakyAbanoub/orgs","repos_url":"https://api.github.com/users/ZakyAbanoub/repos","events_url":"https://api.github.com/users/ZakyAbanoub/events{/privacy}","received_events_url":"https://api.github.com/users/ZakyAbanoub/received_events","type":"User","site_admin":false,"name":"Abanoub Zaky","company":null,"blog":"","location":null,"email":"zaky.abanoub@gmail.com","hireable":true,"bio":"Front-End developer.\r\nVue.js Developer.","twitter_username":null,"public_repos":10,"public_gists":0,"followers":2,"following":3,"created_at":"2015-08-05T13:13:54Z","updated_at":"2021-10-06T10:35:34Z","private_gists":0,"total_private_repos":9,"owned_private_repos":9,"disk_usage":119052,"collaborators":2,"two_factor_authentication":false,"plan":{"name":"free","space":976562499,"collaborators":0,"private_repos":10000}}
[info] 
[info] ✔  Success! Logged into GitHub as ZakyAbanoub 
[info] 
